mode: set
github.com/DaDevFox/task-systems/task-core/internal/calendar/calendar_service.go:24.86,36.2 2 0
github.com/DaDevFox/task-systems/task-core/internal/calendar/calendar_service.go:39.60,41.2 1 0
github.com/DaDevFox/task-systems/task-core/internal/calendar/calendar_service.go:44.106,46.2 1 0
github.com/DaDevFox/task-systems/task-core/internal/calendar/calendar_service.go:49.81,53.2 3 0
github.com/DaDevFox/task-systems/task-core/internal/calendar/calendar_service.go:56.77,59.2 2 0
github.com/DaDevFox/task-systems/task-core/internal/calendar/calendar_service.go:62.143,65.16 3 0
github.com/DaDevFox/task-systems/task-core/internal/calendar/calendar_service.go:65.16,67.3 1 0
github.com/DaDevFox/task-systems/task-core/internal/calendar/calendar_service.go:69.2,71.38 2 0
github.com/DaDevFox/task-systems/task-core/internal/calendar/calendar_service.go:71.38,74.17 2 0
github.com/DaDevFox/task-systems/task-core/internal/calendar/calendar_service.go:74.17,76.4 1 0
github.com/DaDevFox/task-systems/task-core/internal/calendar/calendar_service.go:77.3,77.30 1 0
github.com/DaDevFox/task-systems/task-core/internal/calendar/calendar_service.go:78.8,81.17 2 0
github.com/DaDevFox/task-systems/task-core/internal/calendar/calendar_service.go:81.17,83.4 1 0
github.com/DaDevFox/task-systems/task-core/internal/calendar/calendar_service.go:84.3,84.30 1 0
github.com/DaDevFox/task-systems/task-core/internal/calendar/calendar_service.go:89.104,92.16 3 0
github.com/DaDevFox/task-systems/task-core/internal/calendar/calendar_service.go:92.16,94.3 1 0
github.com/DaDevFox/task-systems/task-core/internal/calendar/calendar_service.go:96.2,97.16 2 0
github.com/DaDevFox/task-systems/task-core/internal/calendar/calendar_service.go:97.16,99.3 1 0
github.com/DaDevFox/task-systems/task-core/internal/calendar/calendar_service.go:101.2,101.12 1 0
github.com/DaDevFox/task-systems/task-core/internal/calendar/calendar_service.go:105.146,109.29 3 0
github.com/DaDevFox/task-systems/task-core/internal/calendar/calendar_service.go:109.29,110.79 1 0
github.com/DaDevFox/task-systems/task-core/internal/calendar/calendar_service.go:110.79,112.18 2 0
github.com/DaDevFox/task-systems/task-core/internal/calendar/calendar_service.go:112.18,114.13 2 0
github.com/DaDevFox/task-systems/task-core/internal/calendar/calendar_service.go:118.4,119.12 2 0
github.com/DaDevFox/task-systems/task-core/internal/calendar/calendar_service.go:123.2,123.23 1 0
github.com/DaDevFox/task-systems/task-core/internal/calendar/calendar_service.go:127.139,130.16 3 0
github.com/DaDevFox/task-systems/task-core/internal/calendar/calendar_service.go:130.16,132.3 1 0
github.com/DaDevFox/task-systems/task-core/internal/calendar/calendar_service.go:134.2,137.29 3 0
github.com/DaDevFox/task-systems/task-core/internal/calendar/calendar_service.go:137.29,138.39 1 0
github.com/DaDevFox/task-systems/task-core/internal/calendar/calendar_service.go:138.39,139.12 1 0
github.com/DaDevFox/task-systems/task-core/internal/calendar/calendar_service.go:142.3,143.17 2 0
github.com/DaDevFox/task-systems/task-core/internal/calendar/calendar_service.go:143.17,145.12 2 0
github.com/DaDevFox/task-systems/task-core/internal/calendar/calendar_service.go:149.3,150.14 2 0
github.com/DaDevFox/task-systems/task-core/internal/calendar/calendar_service.go:150.14,152.4 1 0
github.com/DaDevFox/task-systems/task-core/internal/calendar/calendar_service.go:155.2,155.29 1 0
github.com/DaDevFox/task-systems/task-core/internal/calendar/calendar_service.go:159.101,169.42 2 0
github.com/DaDevFox/task-systems/task-core/internal/calendar/calendar_service.go:169.42,172.31 2 0
github.com/DaDevFox/task-systems/task-core/internal/calendar/calendar_service.go:172.31,177.4 1 0
github.com/DaDevFox/task-systems/task-core/internal/calendar/calendar_service.go:179.3,179.30 1 0
github.com/DaDevFox/task-systems/task-core/internal/calendar/calendar_service.go:179.30,184.4 1 0
github.com/DaDevFox/task-systems/task-core/internal/calendar/calendar_service.go:184.9,184.38 1 0
github.com/DaDevFox/task-systems/task-core/internal/calendar/calendar_service.go:184.38,191.4 2 0
github.com/DaDevFox/task-systems/task-core/internal/calendar/calendar_service.go:195.2,195.37 1 0
github.com/DaDevFox/task-systems/task-core/internal/calendar/calendar_service.go:195.37,197.3 1 0
github.com/DaDevFox/task-systems/task-core/internal/calendar/calendar_service.go:198.2,198.45 1 0
github.com/DaDevFox/task-systems/task-core/internal/calendar/calendar_service.go:198.45,200.3 1 0
github.com/DaDevFox/task-systems/task-core/internal/calendar/calendar_service.go:201.2,204.14 3 0
github.com/DaDevFox/task-systems/task-core/internal/calendar/calendar_service.go:208.103,212.32 2 0
github.com/DaDevFox/task-systems/task-core/internal/calendar/calendar_service.go:212.32,215.3 2 0
github.com/DaDevFox/task-systems/task-core/internal/calendar/calendar_service.go:218.2,218.43 1 0
github.com/DaDevFox/task-systems/task-core/internal/calendar/calendar_service.go:218.43,221.3 2 0
github.com/DaDevFox/task-systems/task-core/internal/calendar/calendar_service.go:224.2,224.84 1 0
github.com/DaDevFox/task-systems/task-core/internal/calendar/calendar_service.go:224.84,227.33 2 0
github.com/DaDevFox/task-systems/task-core/internal/calendar/calendar_service.go:227.33,229.54 2 0
github.com/DaDevFox/task-systems/task-core/internal/calendar/calendar_service.go:229.54,232.5 2 0
github.com/DaDevFox/task-systems/task-core/internal/calendar/calendar_service.go:235.3,235.31 1 0
github.com/DaDevFox/task-systems/task-core/internal/calendar/calendar_service.go:235.31,237.51 2 0
github.com/DaDevFox/task-systems/task-core/internal/calendar/calendar_service.go:237.51,240.5 2 0
github.com/DaDevFox/task-systems/task-core/internal/calendar/calendar_service.go:244.2,244.13 1 0
github.com/DaDevFox/task-systems/task-core/internal/calendar/calendar_service.go:244.13,246.3 1 0
github.com/DaDevFox/task-systems/task-core/internal/calendar/calendar_service.go:248.2,248.16 1 0
github.com/DaDevFox/task-systems/task-core/internal/calendar/calendar_service.go:252.109,258.6 4 0
github.com/DaDevFox/task-systems/task-core/internal/calendar/calendar_service.go:258.6,259.10 1 0
github.com/DaDevFox/task-systems/task-core/internal/calendar/calendar_service.go:260.21,262.10 2 0
github.com/DaDevFox/task-systems/task-core/internal/calendar/calendar_service.go:263.19,265.14 2 0
github.com/DaDevFox/task-systems/task-core/internal/service/task_service.go:31.16,32.23 1 1
github.com/DaDevFox/task-systems/task-core/internal/service/task_service.go:32.23,34.3 1 0
github.com/DaDevFox/task-systems/task-core/internal/service/task_service.go:35.2,42.3 1 1
github.com/DaDevFox/task-systems/task-core/internal/service/task_service.go:46.52,48.2 1 0
github.com/DaDevFox/task-systems/task-core/internal/service/task_service.go:51.100,53.2 1 1
github.com/DaDevFox/task-systems/task-core/internal/service/task_service.go:56.115,57.16 1 1
github.com/DaDevFox/task-systems/task-core/internal/service/task_service.go:57.16,59.3 1 1
github.com/DaDevFox/task-systems/task-core/internal/service/task_service.go:60.2,60.18 1 1
github.com/DaDevFox/task-systems/task-core/internal/service/task_service.go:60.18,62.3 1 0
github.com/DaDevFox/task-systems/task-core/internal/service/task_service.go:65.2,65.23 1 1
github.com/DaDevFox/task-systems/task-core/internal/service/task_service.go:65.23,66.60 1 1
github.com/DaDevFox/task-systems/task-core/internal/service/task_service.go:66.60,68.4 1 0
github.com/DaDevFox/task-systems/task-core/internal/service/task_service.go:71.2,76.16 5 1
github.com/DaDevFox/task-systems/task-core/internal/service/task_service.go:76.16,78.3 1 0
github.com/DaDevFox/task-systems/task-core/internal/service/task_service.go:81.2,81.48 1 1
github.com/DaDevFox/task-systems/task-core/internal/service/task_service.go:81.48,82.71 1 0
github.com/DaDevFox/task-systems/task-core/internal/service/task_service.go:82.71,83.82 1 0
github.com/DaDevFox/task-systems/task-core/internal/service/task_service.go:83.82,86.5 1 0
github.com/DaDevFox/task-systems/task-core/internal/service/task_service.go:90.2,90.18 1 1
github.com/DaDevFox/task-systems/task-core/internal/service/task_service.go:94.165,96.52 1 1
github.com/DaDevFox/task-systems/task-core/internal/service/task_service.go:96.52,98.3 1 0
github.com/DaDevFox/task-systems/task-core/internal/service/task_service.go:100.2,101.16 2 1
github.com/DaDevFox/task-systems/task-core/internal/service/task_service.go:101.16,103.3 1 0
github.com/DaDevFox/task-systems/task-core/internal/service/task_service.go:105.2,105.48 1 1
github.com/DaDevFox/task-systems/task-core/internal/service/task_service.go:105.48,107.3 1 0
github.com/DaDevFox/task-systems/task-core/internal/service/task_service.go:110.2,110.26 1 1
github.com/DaDevFox/task-systems/task-core/internal/service/task_service.go:110.26,112.17 2 1
github.com/DaDevFox/task-systems/task-core/internal/service/task_service.go:112.17,114.4 1 0
github.com/DaDevFox/task-systems/task-core/internal/service/task_service.go:117.3,124.54 4 1
github.com/DaDevFox/task-systems/task-core/internal/service/task_service.go:124.54,126.4 1 0
github.com/DaDevFox/task-systems/task-core/internal/service/task_service.go:127.8,127.33 1 1
github.com/DaDevFox/task-systems/task-core/internal/service/task_service.go:127.33,129.3 1 1
github.com/DaDevFox/task-systems/task-core/internal/service/task_service.go:129.8,131.3 1 0
github.com/DaDevFox/task-systems/task-core/internal/service/task_service.go:134.2,134.21 1 1
github.com/DaDevFox/task-systems/task-core/internal/service/task_service.go:134.21,136.3 1 1
github.com/DaDevFox/task-systems/task-core/internal/service/task_service.go:139.2,143.16 4 1
github.com/DaDevFox/task-systems/task-core/internal/service/task_service.go:143.16,145.3 1 0
github.com/DaDevFox/task-systems/task-core/internal/service/task_service.go:147.2,147.18 1 1
github.com/DaDevFox/task-systems/task-core/internal/service/task_service.go:151.87,153.52 1 1
github.com/DaDevFox/task-systems/task-core/internal/service/task_service.go:153.52,155.3 1 0
github.com/DaDevFox/task-systems/task-core/internal/service/task_service.go:157.2,158.16 2 1
github.com/DaDevFox/task-systems/task-core/internal/service/task_service.go:158.16,160.3 1 0
github.com/DaDevFox/task-systems/task-core/internal/service/task_service.go:162.2,162.40 1 1
github.com/DaDevFox/task-systems/task-core/internal/service/task_service.go:162.40,164.3 1 0
github.com/DaDevFox/task-systems/task-core/internal/service/task_service.go:167.2,167.55 1 1
github.com/DaDevFox/task-systems/task-core/internal/service/task_service.go:167.55,169.3 1 1
github.com/DaDevFox/task-systems/task-core/internal/service/task_service.go:171.2,183.16 7 1
github.com/DaDevFox/task-systems/task-core/internal/service/task_service.go:183.16,185.3 1 0
github.com/DaDevFox/task-systems/task-core/internal/service/task_service.go:188.2,188.47 1 1
github.com/DaDevFox/task-systems/task-core/internal/service/task_service.go:188.47,190.3 1 0
github.com/DaDevFox/task-systems/task-core/internal/service/task_service.go:193.2,193.48 1 1
github.com/DaDevFox/task-systems/task-core/internal/service/task_service.go:193.48,194.76 1 0
github.com/DaDevFox/task-systems/task-core/internal/service/task_service.go:194.76,195.81 1 0
github.com/DaDevFox/task-systems/task-core/internal/service/task_service.go:195.81,197.5 1 0
github.com/DaDevFox/task-systems/task-core/internal/service/task_service.go:201.2,204.16 3 1
github.com/DaDevFox/task-systems/task-core/internal/service/task_service.go:204.16,206.3 1 0
github.com/DaDevFox/task-systems/task-core/internal/service/task_service.go:208.2,208.18 1 0
github.com/DaDevFox/task-systems/task-core/internal/service/task_service.go:212.124,214.16 2 1
github.com/DaDevFox/task-systems/task-core/internal/service/task_service.go:214.16,216.3 1 0
github.com/DaDevFox/task-systems/task-core/internal/service/task_service.go:218.2,218.39 1 1
github.com/DaDevFox/task-systems/task-core/internal/service/task_service.go:218.39,220.3 1 0
github.com/DaDevFox/task-systems/task-core/internal/service/task_service.go:223.2,223.42 1 1
github.com/DaDevFox/task-systems/task-core/internal/service/task_service.go:223.42,227.3 3 1
github.com/DaDevFox/task-systems/task-core/internal/service/task_service.go:230.2,231.16 2 1
github.com/DaDevFox/task-systems/task-core/internal/service/task_service.go:231.16,235.3 3 0
github.com/DaDevFox/task-systems/task-core/internal/service/task_service.go:235.8,239.3 3 1
github.com/DaDevFox/task-systems/task-core/internal/service/task_service.go:241.2,242.16 2 1
github.com/DaDevFox/task-systems/task-core/internal/service/task_service.go:242.16,244.3 1 0
github.com/DaDevFox/task-systems/task-core/internal/service/task_service.go:246.2,246.30 1 1
github.com/DaDevFox/task-systems/task-core/internal/service/task_service.go:250.90,252.16 2 1
github.com/DaDevFox/task-systems/task-core/internal/service/task_service.go:252.16,254.3 1 0
github.com/DaDevFox/task-systems/task-core/internal/service/task_service.go:256.2,256.39 1 1
github.com/DaDevFox/task-systems/task-core/internal/service/task_service.go:256.39,258.3 1 0
github.com/DaDevFox/task-systems/task-core/internal/service/task_service.go:261.2,262.49 2 1
github.com/DaDevFox/task-systems/task-core/internal/service/task_service.go:262.49,265.37 2 1
github.com/DaDevFox/task-systems/task-core/internal/service/task_service.go:265.37,270.4 1 1
github.com/DaDevFox/task-systems/task-core/internal/service/task_service.go:273.3,273.43 1 1
github.com/DaDevFox/task-systems/task-core/internal/service/task_service.go:273.43,277.4 3 1
github.com/DaDevFox/task-systems/task-core/internal/service/task_service.go:280.2,285.16 5 1
github.com/DaDevFox/task-systems/task-core/internal/service/task_service.go:285.16,287.3 1 0
github.com/DaDevFox/task-systems/task-core/internal/service/task_service.go:289.2,289.18 1 1
github.com/DaDevFox/task-systems/task-core/internal/service/task_service.go:293.98,295.16 2 1
github.com/DaDevFox/task-systems/task-core/internal/service/task_service.go:295.16,297.3 1 0
github.com/DaDevFox/task-systems/task-core/internal/service/task_service.go:299.2,300.16 2 1
github.com/DaDevFox/task-systems/task-core/internal/service/task_service.go:300.16,302.3 1 0
github.com/DaDevFox/task-systems/task-core/internal/service/task_service.go:305.2,305.67 1 1
github.com/DaDevFox/task-systems/task-core/internal/service/task_service.go:305.67,307.3 1 0
github.com/DaDevFox/task-systems/task-core/internal/service/task_service.go:310.2,317.34 4 1
github.com/DaDevFox/task-systems/task-core/internal/service/task_service.go:317.34,319.3 1 0
github.com/DaDevFox/task-systems/task-core/internal/service/task_service.go:321.2,324.76 2 1
github.com/DaDevFox/task-systems/task-core/internal/service/task_service.go:324.76,326.3 1 0
github.com/DaDevFox/task-systems/task-core/internal/service/task_service.go:329.2,329.51 1 1
github.com/DaDevFox/task-systems/task-core/internal/service/task_service.go:329.51,331.3 1 0
github.com/DaDevFox/task-systems/task-core/internal/service/task_service.go:334.2,334.51 1 1
github.com/DaDevFox/task-systems/task-core/internal/service/task_service.go:334.51,336.3 1 0
github.com/DaDevFox/task-systems/task-core/internal/service/task_service.go:338.2,338.20 1 1
github.com/DaDevFox/task-systems/task-core/internal/service/task_service.go:342.125,343.43 1 1
github.com/DaDevFox/task-systems/task-core/internal/service/task_service.go:343.43,345.3 1 0
github.com/DaDevFox/task-systems/task-core/internal/service/task_service.go:347.2,347.24 1 1
github.com/DaDevFox/task-systems/task-core/internal/service/task_service.go:347.24,349.3 1 0
github.com/DaDevFox/task-systems/task-core/internal/service/task_service.go:351.2,352.16 2 1
github.com/DaDevFox/task-systems/task-core/internal/service/task_service.go:352.16,354.3 1 0
github.com/DaDevFox/task-systems/task-core/internal/service/task_service.go:356.2,358.32 2 1
github.com/DaDevFox/task-systems/task-core/internal/service/task_service.go:358.32,365.39 5 1
github.com/DaDevFox/task-systems/task-core/internal/service/task_service.go:365.39,367.4 1 0
github.com/DaDevFox/task-systems/task-core/internal/service/task_service.go:369.3,371.53 2 1
github.com/DaDevFox/task-systems/task-core/internal/service/task_service.go:371.53,373.4 1 0
github.com/DaDevFox/task-systems/task-core/internal/service/task_service.go:375.3,375.39 1 1
github.com/DaDevFox/task-systems/task-core/internal/service/task_service.go:379.2,379.82 1 1
github.com/DaDevFox/task-systems/task-core/internal/service/task_service.go:379.82,381.3 1 0
github.com/DaDevFox/task-systems/task-core/internal/service/task_service.go:384.2,384.47 1 1
github.com/DaDevFox/task-systems/task-core/internal/service/task_service.go:384.47,386.3 1 0
github.com/DaDevFox/task-systems/task-core/internal/service/task_service.go:388.2,388.22 1 1
github.com/DaDevFox/task-systems/task-core/internal/service/task_service.go:392.111,394.16 2 1
github.com/DaDevFox/task-systems/task-core/internal/service/task_service.go:394.16,396.3 1 0
github.com/DaDevFox/task-systems/task-core/internal/service/task_service.go:399.2,400.16 2 1
github.com/DaDevFox/task-systems/task-core/internal/service/task_service.go:400.16,402.3 1 0
github.com/DaDevFox/task-systems/task-core/internal/service/task_service.go:405.2,405.37 1 1
github.com/DaDevFox/task-systems/task-core/internal/service/task_service.go:405.37,406.70 1 1
github.com/DaDevFox/task-systems/task-core/internal/service/task_service.go:406.70,408.4 1 0
github.com/DaDevFox/task-systems/task-core/internal/service/task_service.go:412.2,412.37 1 1
github.com/DaDevFox/task-systems/task-core/internal/service/task_service.go:412.37,413.47 1 1
github.com/DaDevFox/task-systems/task-core/internal/service/task_service.go:413.47,415.4 1 1
github.com/DaDevFox/task-systems/task-core/internal/service/task_service.go:419.2,419.37 1 1
github.com/DaDevFox/task-systems/task-core/internal/service/task_service.go:419.37,420.36 1 1
github.com/DaDevFox/task-systems/task-core/internal/service/task_service.go:420.36,422.4 1 1
github.com/DaDevFox/task-systems/task-core/internal/service/task_service.go:423.3,423.52 1 1
github.com/DaDevFox/task-systems/task-core/internal/service/task_service.go:423.52,425.4 1 0
github.com/DaDevFox/task-systems/task-core/internal/service/task_service.go:428.2,431.16 3 1
github.com/DaDevFox/task-systems/task-core/internal/service/task_service.go:431.16,433.3 1 0
github.com/DaDevFox/task-systems/task-core/internal/service/task_service.go:435.2,435.24 1 1
github.com/DaDevFox/task-systems/task-core/internal/service/task_service.go:439.117,441.16 2 1
github.com/DaDevFox/task-systems/task-core/internal/service/task_service.go:441.16,443.3 1 0
github.com/DaDevFox/task-systems/task-core/internal/service/task_service.go:445.2,446.16 2 1
github.com/DaDevFox/task-systems/task-core/internal/service/task_service.go:446.16,448.3 1 0
github.com/DaDevFox/task-systems/task-core/internal/service/task_service.go:451.2,451.37 1 1
github.com/DaDevFox/task-systems/task-core/internal/service/task_service.go:451.37,452.70 1 1
github.com/DaDevFox/task-systems/task-core/internal/service/task_service.go:452.70,454.4 1 0
github.com/DaDevFox/task-systems/task-core/internal/service/task_service.go:458.2,459.37 2 1
github.com/DaDevFox/task-systems/task-core/internal/service/task_service.go:459.37,460.43 1 1
github.com/DaDevFox/task-systems/task-core/internal/service/task_service.go:460.43,462.4 1 1
github.com/DaDevFox/task-systems/task-core/internal/service/task_service.go:463.3,465.52 2 1
github.com/DaDevFox/task-systems/task-core/internal/service/task_service.go:465.52,467.4 1 0
github.com/DaDevFox/task-systems/task-core/internal/service/task_service.go:469.3,469.46 1 1
github.com/DaDevFox/task-systems/task-core/internal/service/task_service.go:473.2,473.37 1 1
github.com/DaDevFox/task-systems/task-core/internal/service/task_service.go:473.37,474.46 1 1
github.com/DaDevFox/task-systems/task-core/internal/service/task_service.go:474.46,476.4 1 1
github.com/DaDevFox/task-systems/task-core/internal/service/task_service.go:479.2,481.55 2 1
github.com/DaDevFox/task-systems/task-core/internal/service/task_service.go:481.55,483.3 1 0
github.com/DaDevFox/task-systems/task-core/internal/service/task_service.go:485.2,486.26 2 1
github.com/DaDevFox/task-systems/task-core/internal/service/task_service.go:490.102,492.2 1 0
github.com/DaDevFox/task-systems/task-core/internal/service/task_service.go:495.124,499.18 3 1
github.com/DaDevFox/task-systems/task-core/internal/service/task_service.go:499.18,501.3 1 0
github.com/DaDevFox/task-systems/task-core/internal/service/task_service.go:501.8,511.29 2 1
github.com/DaDevFox/task-systems/task-core/internal/service/task_service.go:511.29,513.18 2 1
github.com/DaDevFox/task-systems/task-core/internal/service/task_service.go:513.18,515.5 1 0
github.com/DaDevFox/task-systems/task-core/internal/service/task_service.go:516.4,516.41 1 1
github.com/DaDevFox/task-systems/task-core/internal/service/task_service.go:520.2,520.16 1 1
github.com/DaDevFox/task-systems/task-core/internal/service/task_service.go:520.16,522.3 1 0
github.com/DaDevFox/task-systems/task-core/internal/service/task_service.go:525.2,526.32 2 1
github.com/DaDevFox/task-systems/task-core/internal/service/task_service.go:526.32,527.28 1 1
github.com/DaDevFox/task-systems/task-core/internal/service/task_service.go:527.28,529.4 1 1
github.com/DaDevFox/task-systems/task-core/internal/service/task_service.go:532.2,532.23 1 1
github.com/DaDevFox/task-systems/task-core/internal/service/task_service.go:536.85,538.2 1 1
github.com/DaDevFox/task-systems/task-core/internal/service/task_service.go:541.129,543.16 2 1
github.com/DaDevFox/task-systems/task-core/internal/service/task_service.go:543.16,545.3 1 0
github.com/DaDevFox/task-systems/task-core/internal/service/task_service.go:548.2,548.31 1 1
github.com/DaDevFox/task-systems/task-core/internal/service/task_service.go:548.31,550.3 1 1
github.com/DaDevFox/task-systems/task-core/internal/service/task_service.go:552.2,555.16 3 1
github.com/DaDevFox/task-systems/task-core/internal/service/task_service.go:555.16,557.3 1 0
github.com/DaDevFox/task-systems/task-core/internal/service/task_service.go:559.2,559.18 1 1
github.com/DaDevFox/task-systems/task-core/internal/service/task_service.go:563.95,564.30 1 1
github.com/DaDevFox/task-systems/task-core/internal/service/task_service.go:564.30,566.3 1 1
github.com/DaDevFox/task-systems/task-core/internal/service/task_service.go:567.2,567.23 1 0
github.com/DaDevFox/task-systems/task-core/internal/service/task_service.go:567.23,569.3 1 0
github.com/DaDevFox/task-systems/task-core/internal/service/task_service.go:571.2,572.16 2 0
github.com/DaDevFox/task-systems/task-core/internal/service/task_service.go:572.16,574.3 1 0
github.com/DaDevFox/task-systems/task-core/internal/service/task_service.go:576.2,576.36 1 0
github.com/DaDevFox/task-systems/task-core/internal/service/task_service.go:576.36,578.3 1 0
github.com/DaDevFox/task-systems/task-core/internal/service/task_service.go:580.2,581.16 2 0
github.com/DaDevFox/task-systems/task-core/internal/service/task_service.go:581.16,583.3 1 0
github.com/DaDevFox/task-systems/task-core/internal/service/task_service.go:586.2,589.9 2 0
github.com/DaDevFox/task-systems/task-core/internal/service/task_service.go:589.9,591.3 1 0
github.com/DaDevFox/task-systems/task-core/internal/service/task_service.go:591.8,594.17 2 0
github.com/DaDevFox/task-systems/task-core/internal/service/task_service.go:594.17,596.4 1 0
github.com/DaDevFox/task-systems/task-core/internal/service/task_service.go:597.3,597.33 1 0
github.com/DaDevFox/task-systems/task-core/internal/service/task_service.go:597.33,598.29 1 0
github.com/DaDevFox/task-systems/task-core/internal/service/task_service.go:598.29,600.5 1 0
github.com/DaDevFox/task-systems/task-core/internal/service/task_service.go:604.2,604.16 1 0
github.com/DaDevFox/task-systems/task-core/internal/service/task_service.go:604.16,606.3 1 0
github.com/DaDevFox/task-systems/task-core/internal/service/task_service.go:609.2,612.29 2 0
github.com/DaDevFox/task-systems/task-core/internal/service/task_service.go:612.29,613.39 1 0
github.com/DaDevFox/task-systems/task-core/internal/service/task_service.go:613.39,614.63 1 0
github.com/DaDevFox/task-systems/task-core/internal/service/task_service.go:614.63,616.5 1 0
github.com/DaDevFox/task-systems/task-core/internal/service/task_service.go:621.2,621.19 1 0
github.com/DaDevFox/task-systems/task-core/internal/service/task_service.go:621.19,625.37 3 0
github.com/DaDevFox/task-systems/task-core/internal/service/task_service.go:625.37,626.63 1 0
github.com/DaDevFox/task-systems/task-core/internal/service/task_service.go:626.63,628.5 1 0
github.com/DaDevFox/task-systems/task-core/internal/service/task_service.go:632.2,632.28 1 0
github.com/DaDevFox/task-systems/task-core/internal/service/task_service.go:638.152,639.23 1 1
github.com/DaDevFox/task-systems/task-core/internal/service/task_service.go:639.23,641.3 1 0
github.com/DaDevFox/task-systems/task-core/internal/service/task_service.go:643.2,643.14 1 1
github.com/DaDevFox/task-systems/task-core/internal/service/task_service.go:643.14,645.3 1 1
github.com/DaDevFox/task-systems/task-core/internal/service/task_service.go:646.2,646.17 1 1
github.com/DaDevFox/task-systems/task-core/internal/service/task_service.go:646.17,648.3 1 0
github.com/DaDevFox/task-systems/task-core/internal/service/task_service.go:649.2,649.16 1 1
github.com/DaDevFox/task-systems/task-core/internal/service/task_service.go:649.16,651.3 1 0
github.com/DaDevFox/task-systems/task-core/internal/service/task_service.go:653.2,661.16 3 1
github.com/DaDevFox/task-systems/task-core/internal/service/task_service.go:661.16,663.3 1 0
github.com/DaDevFox/task-systems/task-core/internal/service/task_service.go:665.2,665.18 1 1
github.com/DaDevFox/task-systems/task-core/internal/service/task_service.go:669.89,670.23 1 1
github.com/DaDevFox/task-systems/task-core/internal/service/task_service.go:670.23,672.3 1 0
github.com/DaDevFox/task-systems/task-core/internal/service/task_service.go:674.2,675.16 2 1
github.com/DaDevFox/task-systems/task-core/internal/service/task_service.go:675.16,677.3 1 0
github.com/DaDevFox/task-systems/task-core/internal/service/task_service.go:678.2,678.18 1 1
github.com/DaDevFox/task-systems/task-core/internal/service/task_service.go:682.96,683.23 1 1
github.com/DaDevFox/task-systems/task-core/internal/service/task_service.go:683.23,685.3 1 0
github.com/DaDevFox/task-systems/task-core/internal/service/task_service.go:687.2,688.16 2 1
github.com/DaDevFox/task-systems/task-core/internal/service/task_service.go:688.16,690.3 1 0
github.com/DaDevFox/task-systems/task-core/internal/service/task_service.go:691.2,691.18 1 1
github.com/DaDevFox/task-systems/task-core/internal/service/task_service.go:695.94,701.25 3 1
github.com/DaDevFox/task-systems/task-core/internal/service/task_service.go:701.25,703.3 1 1
github.com/DaDevFox/task-systems/task-core/internal/service/task_service.go:703.8,706.33 2 0
github.com/DaDevFox/task-systems/task-core/internal/service/task_service.go:706.33,708.31 2 0
github.com/DaDevFox/task-systems/task-core/internal/service/task_service.go:708.31,709.30 1 0
github.com/DaDevFox/task-systems/task-core/internal/service/task_service.go:709.30,711.6 1 0
github.com/DaDevFox/task-systems/task-core/internal/service/task_service.go:713.4,713.25 1 0
github.com/DaDevFox/task-systems/task-core/internal/service/task_service.go:717.2,717.16 1 1
github.com/DaDevFox/task-systems/task-core/internal/service/task_service.go:717.16,719.3 1 0
github.com/DaDevFox/task-systems/task-core/internal/service/task_service.go:722.2,722.38 1 1
github.com/DaDevFox/task-systems/task-core/internal/service/task_service.go:726.68,727.48 1 0
github.com/DaDevFox/task-systems/task-core/internal/service/task_service.go:727.48,729.3 1 0
github.com/DaDevFox/task-systems/task-core/internal/service/task_service.go:731.2,732.16 2 0
github.com/DaDevFox/task-systems/task-core/internal/service/task_service.go:732.16,734.3 1 0
github.com/DaDevFox/task-systems/task-core/internal/service/task_service.go:736.2,737.16 2 0
github.com/DaDevFox/task-systems/task-core/internal/service/task_service.go:737.16,739.3 1 0
github.com/DaDevFox/task-systems/task-core/internal/service/task_service.go:741.2,741.62 1 0
github.com/DaDevFox/task-systems/task-core/internal/service/task_service.go:745.61,746.51 1 0
github.com/DaDevFox/task-systems/task-core/internal/service/task_service.go:746.51,748.3 1 0
github.com/DaDevFox/task-systems/task-core/internal/service/task_service.go:750.2,752.16 3 0
github.com/DaDevFox/task-systems/task-core/internal/service/task_service.go:752.16,755.3 2 0
github.com/DaDevFox/task-systems/task-core/internal/service/task_service.go:757.2,757.36 1 0
github.com/DaDevFox/task-systems/task-core/internal/service/task_service.go:757.36,759.3 1 0
github.com/DaDevFox/task-systems/task-core/internal/service/task_service.go:761.2,762.16 2 0
github.com/DaDevFox/task-systems/task-core/internal/service/task_service.go:762.16,765.3 2 0
github.com/DaDevFox/task-systems/task-core/internal/service/task_service.go:767.2,768.16 2 0
github.com/DaDevFox/task-systems/task-core/internal/service/task_service.go:768.16,771.3 2 0
github.com/DaDevFox/task-systems/task-core/internal/service/task_service.go:774.2,775.49 2 0
github.com/DaDevFox/task-systems/task-core/internal/service/task_service.go:775.49,777.3 1 0
github.com/DaDevFox/task-systems/task-core/internal/service/task_service.go:781.76,787.29 3 1
github.com/DaDevFox/task-systems/task-core/internal/service/task_service.go:787.29,790.3 2 1
github.com/DaDevFox/task-systems/task-core/internal/service/task_service.go:793.2,797.29 3 1
github.com/DaDevFox/task-systems/task-core/internal/service/task_service.go:797.29,798.29 1 1
github.com/DaDevFox/task-systems/task-core/internal/service/task_service.go:798.29,800.4 1 1
github.com/DaDevFox/task-systems/task-core/internal/service/task_service.go:804.2,804.21 1 1
github.com/DaDevFox/task-systems/task-core/internal/service/task_service.go:804.21,811.46 4 1
github.com/DaDevFox/task-systems/task-core/internal/service/task_service.go:811.46,813.32 2 1
github.com/DaDevFox/task-systems/task-core/internal/service/task_service.go:813.32,814.51 1 1
github.com/DaDevFox/task-systems/task-core/internal/service/task_service.go:814.51,816.6 1 1
github.com/DaDevFox/task-systems/task-core/internal/service/task_service.go:821.2,821.15 1 1
github.com/DaDevFox/task-systems/task-core/internal/service/task_service.go:824.71,826.16 2 1
github.com/DaDevFox/task-systems/task-core/internal/service/task_service.go:826.16,828.3 1 0
github.com/DaDevFox/task-systems/task-core/internal/service/task_service.go:830.2,830.34 1 1
github.com/DaDevFox/task-systems/task-core/internal/service/task_service.go:830.34,832.3 1 0
github.com/DaDevFox/task-systems/task-core/internal/service/task_service.go:834.2,834.12 1 1
github.com/DaDevFox/task-systems/task-core/internal/service/task_service.go:837.87,838.28 1 1
github.com/DaDevFox/task-systems/task-core/internal/service/task_service.go:838.28,840.3 1 1
github.com/DaDevFox/task-systems/task-core/internal/service/task_service.go:842.2,843.16 2 1
github.com/DaDevFox/task-systems/task-core/internal/service/task_service.go:843.16,845.3 1 0
github.com/DaDevFox/task-systems/task-core/internal/service/task_service.go:847.2,847.35 1 1
github.com/DaDevFox/task-systems/task-core/internal/service/task_service.go:847.35,848.43 1 1
github.com/DaDevFox/task-systems/task-core/internal/service/task_service.go:848.43,850.4 1 1
github.com/DaDevFox/task-systems/task-core/internal/service/task_service.go:853.2,853.12 1 1
github.com/DaDevFox/task-systems/task-core/internal/service/task_service.go:856.95,858.48 1 1
github.com/DaDevFox/task-systems/task-core/internal/service/task_service.go:858.48,860.3 1 0
github.com/DaDevFox/task-systems/task-core/internal/service/task_service.go:862.2,862.37 1 1
github.com/DaDevFox/task-systems/task-core/internal/service/task_service.go:862.37,863.31 1 1
github.com/DaDevFox/task-systems/task-core/internal/service/task_service.go:863.31,865.4 1 0
github.com/DaDevFox/task-systems/task-core/internal/service/task_service.go:868.2,868.12 1 1
github.com/DaDevFox/task-systems/task-core/internal/service/task_service.go:871.97,873.58 1 1
github.com/DaDevFox/task-systems/task-core/internal/service/task_service.go:873.58,875.3 1 0
github.com/DaDevFox/task-systems/task-core/internal/service/task_service.go:876.2,876.12 1 1
github.com/DaDevFox/task-systems/task-core/internal/service/task_service.go:879.102,882.2 2 1
github.com/DaDevFox/task-systems/task-core/internal/service/task_service.go:884.127,885.21 1 1
github.com/DaDevFox/task-systems/task-core/internal/service/task_service.go:885.21,887.3 1 0
github.com/DaDevFox/task-systems/task-core/internal/service/task_service.go:888.2,891.16 3 1
github.com/DaDevFox/task-systems/task-core/internal/service/task_service.go:891.16,893.3 1 0
github.com/DaDevFox/task-systems/task-core/internal/service/task_service.go:895.2,895.40 1 1
github.com/DaDevFox/task-systems/task-core/internal/service/task_service.go:895.40,896.31 1 0
github.com/DaDevFox/task-systems/task-core/internal/service/task_service.go:896.31,898.4 1 0
github.com/DaDevFox/task-systems/task-core/internal/service/task_service.go:899.3,899.70 1 0
github.com/DaDevFox/task-systems/task-core/internal/service/task_service.go:899.70,901.4 1 0
github.com/DaDevFox/task-systems/task-core/internal/service/task_service.go:904.2,904.14 1 1
github.com/DaDevFox/task-systems/task-core/internal/service/task_service.go:907.108,909.46 1 1
github.com/DaDevFox/task-systems/task-core/internal/service/task_service.go:909.46,911.17 2 0
github.com/DaDevFox/task-systems/task-core/internal/service/task_service.go:911.17,912.12 1 0
github.com/DaDevFox/task-systems/task-core/internal/service/task_service.go:916.3,916.48 1 0
github.com/DaDevFox/task-systems/task-core/internal/service/task_service.go:916.48,917.31 1 0
github.com/DaDevFox/task-systems/task-core/internal/service/task_service.go:917.31,919.10 2 0
github.com/DaDevFox/task-systems/task-core/internal/service/task_service.go:923.3,923.57 1 0
github.com/DaDevFox/task-systems/task-core/internal/service/task_service.go:923.57,925.4 1 0
github.com/DaDevFox/task-systems/task-core/internal/service/task_service.go:929.2,929.46 1 1
github.com/DaDevFox/task-systems/task-core/internal/service/task_service.go:929.46,930.44 1 0
github.com/DaDevFox/task-systems/task-core/internal/service/task_service.go:930.44,932.4 1 0
github.com/DaDevFox/task-systems/task-core/internal/service/task_service.go:935.2,935.12 1 1
github.com/DaDevFox/task-systems/task-core/internal/service/task_service.go:938.129,940.24 1 1
github.com/DaDevFox/task-systems/task-core/internal/service/task_service.go:940.24,942.3 1 0
github.com/DaDevFox/task-systems/task-core/internal/service/task_service.go:944.2,949.50 4 1
github.com/DaDevFox/task-systems/task-core/internal/service/task_service.go:949.50,951.17 2 0
github.com/DaDevFox/task-systems/task-core/internal/service/task_service.go:951.17,952.12 1 0
github.com/DaDevFox/task-systems/task-core/internal/service/task_service.go:955.3,955.48 1 0
github.com/DaDevFox/task-systems/task-core/internal/service/task_service.go:955.48,956.35 1 0
github.com/DaDevFox/task-systems/task-core/internal/service/task_service.go:956.35,958.10 2 0
github.com/DaDevFox/task-systems/task-core/internal/service/task_service.go:962.3,962.57 1 0
github.com/DaDevFox/task-systems/task-core/internal/service/task_service.go:962.57,964.4 1 0
github.com/DaDevFox/task-systems/task-core/internal/service/task_service.go:968.2,968.48 1 1
github.com/DaDevFox/task-systems/task-core/internal/service/task_service.go:968.48,970.17 2 0
github.com/DaDevFox/task-systems/task-core/internal/service/task_service.go:970.17,971.12 1 0
github.com/DaDevFox/task-systems/task-core/internal/service/task_service.go:974.3,974.49 1 0
github.com/DaDevFox/task-systems/task-core/internal/service/task_service.go:974.49,975.36 1 0
github.com/DaDevFox/task-systems/task-core/internal/service/task_service.go:975.36,977.10 2 0
github.com/DaDevFox/task-systems/task-core/internal/service/task_service.go:981.3,981.56 1 0
github.com/DaDevFox/task-systems/task-core/internal/service/task_service.go:981.56,983.4 1 0
github.com/DaDevFox/task-systems/task-core/internal/service/task_service.go:987.2,987.54 1 1
github.com/DaDevFox/task-systems/task-core/internal/service/task_service.go:987.54,989.3 1 0
github.com/DaDevFox/task-systems/task-core/internal/service/task_service.go:991.2,991.12 1 1
github.com/DaDevFox/task-systems/task-core/internal/service/task_service.go:994.49,995.26 1 1
github.com/DaDevFox/task-systems/task-core/internal/service/task_service.go:995.26,996.16 1 1
github.com/DaDevFox/task-systems/task-core/internal/service/task_service.go:996.16,998.4 1 0
github.com/DaDevFox/task-systems/task-core/internal/service/task_service.go:1000.2,1000.14 1 1
github.com/DaDevFox/task-systems/task-core/internal/grpc/task_server.go:21.66,25.2 1 1
github.com/DaDevFox/task-systems/task-core/internal/grpc/task_server.go:28.104,29.20 1 1
github.com/DaDevFox/task-systems/task-core/internal/grpc/task_server.go:29.20,31.3 1 1
github.com/DaDevFox/task-systems/task-core/internal/grpc/task_server.go:33.2,34.16 2 1
github.com/DaDevFox/task-systems/task-core/internal/grpc/task_server.go:34.16,36.3 1 0
github.com/DaDevFox/task-systems/task-core/internal/grpc/task_server.go:38.2,40.8 1 1
github.com/DaDevFox/task-systems/task-core/internal/grpc/task_server.go:44.122,45.24 1 1
github.com/DaDevFox/task-systems/task-core/internal/grpc/task_server.go:45.24,47.3 1 0
github.com/DaDevFox/task-systems/task-core/internal/grpc/task_server.go:49.2,52.40 3 1
github.com/DaDevFox/task-systems/task-core/internal/grpc/task_server.go:53.46,54.38 1 0
github.com/DaDevFox/task-systems/task-core/internal/grpc/task_server.go:55.44,56.45 1 1
github.com/DaDevFox/task-systems/task-core/internal/grpc/task_server.go:57.10,58.83 1 0
github.com/DaDevFox/task-systems/task-core/internal/grpc/task_server.go:61.2,64.16 3 1
github.com/DaDevFox/task-systems/task-core/internal/grpc/task_server.go:64.16,66.3 1 0
github.com/DaDevFox/task-systems/task-core/internal/grpc/task_server.go:68.2,70.8 1 1
github.com/DaDevFox/task-systems/task-core/internal/grpc/task_server.go:74.110,75.18 1 1
github.com/DaDevFox/task-systems/task-core/internal/grpc/task_server.go:75.18,77.3 1 0
github.com/DaDevFox/task-systems/task-core/internal/grpc/task_server.go:79.2,80.16 2 1
github.com/DaDevFox/task-systems/task-core/internal/grpc/task_server.go:80.16,82.3 1 0
github.com/DaDevFox/task-systems/task-core/internal/grpc/task_server.go:84.2,86.8 1 1
github.com/DaDevFox/task-systems/task-core/internal/grpc/task_server.go:90.107,91.18 1 1
github.com/DaDevFox/task-systems/task-core/internal/grpc/task_server.go:91.18,93.3 1 0
github.com/DaDevFox/task-systems/task-core/internal/grpc/task_server.go:95.2,98.16 3 1
github.com/DaDevFox/task-systems/task-core/internal/grpc/task_server.go:98.16,100.3 1 0
github.com/DaDevFox/task-systems/task-core/internal/grpc/task_server.go:102.2,105.8 1 1
github.com/DaDevFox/task-systems/task-core/internal/grpc/task_server.go:109.119,110.18 1 1
github.com/DaDevFox/task-systems/task-core/internal/grpc/task_server.go:110.18,112.3 1 0
github.com/DaDevFox/task-systems/task-core/internal/grpc/task_server.go:114.2,115.16 2 1
github.com/DaDevFox/task-systems/task-core/internal/grpc/task_server.go:115.16,117.3 1 0
github.com/DaDevFox/task-systems/task-core/internal/grpc/task_server.go:119.2,121.8 1 1
github.com/DaDevFox/task-systems/task-core/internal/grpc/task_server.go:125.113,126.40 1 0
github.com/DaDevFox/task-systems/task-core/internal/grpc/task_server.go:126.40,128.3 1 0
github.com/DaDevFox/task-systems/task-core/internal/grpc/task_server.go:130.2,131.16 2 0
github.com/DaDevFox/task-systems/task-core/internal/grpc/task_server.go:131.16,133.3 1 0
github.com/DaDevFox/task-systems/task-core/internal/grpc/task_server.go:135.2,137.8 1 0
github.com/DaDevFox/task-systems/task-core/internal/grpc/task_server.go:141.110,142.18 1 0
github.com/DaDevFox/task-systems/task-core/internal/grpc/task_server.go:142.18,144.3 1 0
github.com/DaDevFox/task-systems/task-core/internal/grpc/task_server.go:146.2,146.28 1 0
github.com/DaDevFox/task-systems/task-core/internal/grpc/task_server.go:146.28,148.3 1 0
github.com/DaDevFox/task-systems/task-core/internal/grpc/task_server.go:150.2,150.51 1 0
github.com/DaDevFox/task-systems/task-core/internal/grpc/task_server.go:150.51,152.3 1 0
github.com/DaDevFox/task-systems/task-core/internal/grpc/task_server.go:154.2,155.16 2 0
github.com/DaDevFox/task-systems/task-core/internal/grpc/task_server.go:155.16,157.3 1 0
github.com/DaDevFox/task-systems/task-core/internal/grpc/task_server.go:159.2,160.29 2 0
github.com/DaDevFox/task-systems/task-core/internal/grpc/task_server.go:160.29,162.3 1 0
github.com/DaDevFox/task-systems/task-core/internal/grpc/task_server.go:164.2,166.8 1 0
github.com/DaDevFox/task-systems/task-core/internal/grpc/task_server.go:170.122,171.18 1 0
github.com/DaDevFox/task-systems/task-core/internal/grpc/task_server.go:171.18,173.3 1 0
github.com/DaDevFox/task-systems/task-core/internal/grpc/task_server.go:175.2,175.29 1 0
github.com/DaDevFox/task-systems/task-core/internal/grpc/task_server.go:175.29,177.3 1 0
github.com/DaDevFox/task-systems/task-core/internal/grpc/task_server.go:179.2,180.16 2 0
github.com/DaDevFox/task-systems/task-core/internal/grpc/task_server.go:180.16,182.3 1 0
github.com/DaDevFox/task-systems/task-core/internal/grpc/task_server.go:184.2,186.8 1 0
github.com/DaDevFox/task-systems/task-core/internal/grpc/task_server.go:190.116,191.29 1 0
github.com/DaDevFox/task-systems/task-core/internal/grpc/task_server.go:191.29,193.3 1 0
github.com/DaDevFox/task-systems/task-core/internal/grpc/task_server.go:195.2,195.24 1 0
github.com/DaDevFox/task-systems/task-core/internal/grpc/task_server.go:195.24,197.3 1 0
github.com/DaDevFox/task-systems/task-core/internal/grpc/task_server.go:199.2,200.16 2 0
github.com/DaDevFox/task-systems/task-core/internal/grpc/task_server.go:200.16,202.3 1 0
github.com/DaDevFox/task-systems/task-core/internal/grpc/task_server.go:204.2,205.29 2 0
github.com/DaDevFox/task-systems/task-core/internal/grpc/task_server.go:205.29,207.3 1 0
github.com/DaDevFox/task-systems/task-core/internal/grpc/task_server.go:209.2,211.8 1 0
github.com/DaDevFox/task-systems/task-core/internal/grpc/task_server.go:215.110,219.16 3 1
github.com/DaDevFox/task-systems/task-core/internal/grpc/task_server.go:219.16,221.3 1 0
github.com/DaDevFox/task-systems/task-core/internal/grpc/task_server.go:223.2,224.29 2 1
github.com/DaDevFox/task-systems/task-core/internal/grpc/task_server.go:224.29,226.3 1 1
github.com/DaDevFox/task-systems/task-core/internal/grpc/task_server.go:228.2,230.8 1 1
github.com/DaDevFox/task-systems/task-core/internal/grpc/task_server.go:234.104,235.18 1 1
github.com/DaDevFox/task-systems/task-core/internal/grpc/task_server.go:235.18,237.3 1 0
github.com/DaDevFox/task-systems/task-core/internal/grpc/task_server.go:239.2,240.16 2 1
github.com/DaDevFox/task-systems/task-core/internal/grpc/task_server.go:240.16,242.3 1 0
github.com/DaDevFox/task-systems/task-core/internal/grpc/task_server.go:244.2,246.8 1 1
github.com/DaDevFox/task-systems/task-core/internal/grpc/task_server.go:250.125,251.18 1 1
github.com/DaDevFox/task-systems/task-core/internal/grpc/task_server.go:251.18,253.3 1 0
github.com/DaDevFox/task-systems/task-core/internal/grpc/task_server.go:255.2,258.16 3 1
github.com/DaDevFox/task-systems/task-core/internal/grpc/task_server.go:258.16,260.3 1 0
github.com/DaDevFox/task-systems/task-core/internal/grpc/task_server.go:262.2,264.8 1 1
github.com/DaDevFox/task-systems/task-core/internal/grpc/task_server.go:268.119,269.22 1 0
github.com/DaDevFox/task-systems/task-core/internal/grpc/task_server.go:269.22,271.3 1 0
github.com/DaDevFox/task-systems/task-core/internal/grpc/task_server.go:273.2,274.16 2 0
github.com/DaDevFox/task-systems/task-core/internal/grpc/task_server.go:274.16,276.3 1 0
github.com/DaDevFox/task-systems/task-core/internal/grpc/task_server.go:278.2,281.8 1 0
github.com/DaDevFox/task-systems/task-core/internal/grpc/task_server.go:285.104,286.22 1 0
github.com/DaDevFox/task-systems/task-core/internal/grpc/task_server.go:286.22,288.3 1 0
github.com/DaDevFox/task-systems/task-core/internal/grpc/task_server.go:290.2,291.16 2 0
github.com/DaDevFox/task-systems/task-core/internal/grpc/task_server.go:291.16,293.3 1 0
github.com/DaDevFox/task-systems/task-core/internal/grpc/task_server.go:295.2,297.8 1 0
github.com/DaDevFox/task-systems/task-core/internal/grpc/task_server.go:301.113,302.21 1 0
github.com/DaDevFox/task-systems/task-core/internal/grpc/task_server.go:302.21,304.3 1 0
github.com/DaDevFox/task-systems/task-core/internal/grpc/task_server.go:306.2,309.16 3 0
github.com/DaDevFox/task-systems/task-core/internal/grpc/task_server.go:309.16,311.3 1 0
github.com/DaDevFox/task-systems/task-core/internal/grpc/task_server.go:313.2,315.8 1 0
github.com/DaDevFox/task-systems/task-core/internal/grpc/task_server.go:320.62,334.2 1 1
github.com/DaDevFox/task-systems/task-core/internal/grpc/task_server.go:336.78,337.15 1 1
github.com/DaDevFox/task-systems/task-core/internal/grpc/task_server.go:338.27,339.36 1 0
github.com/DaDevFox/task-systems/task-core/internal/grpc/task_server.go:340.25,341.34 1 1
github.com/DaDevFox/task-systems/task-core/internal/grpc/task_server.go:342.27,343.36 1 1
github.com/DaDevFox/task-systems/task-core/internal/grpc/task_server.go:344.26,345.35 1 1
github.com/DaDevFox/task-systems/task-core/internal/grpc/task_server.go:346.28,347.37 1 1
github.com/DaDevFox/task-systems/task-core/internal/grpc/task_server.go:348.10,349.40 1 0
github.com/DaDevFox/task-systems/task-core/internal/grpc/task_server.go:353.78,354.15 1 1
github.com/DaDevFox/task-systems/task-core/internal/grpc/task_server.go:355.34,356.29 1 0
github.com/DaDevFox/task-systems/task-core/internal/grpc/task_server.go:357.32,358.27 1 1
github.com/DaDevFox/task-systems/task-core/internal/grpc/task_server.go:359.34,360.29 1 0
github.com/DaDevFox/task-systems/task-core/internal/grpc/task_server.go:361.33,362.28 1 0
github.com/DaDevFox/task-systems/task-core/internal/grpc/task_server.go:363.35,364.30 1 0
github.com/DaDevFox/task-systems/task-core/internal/grpc/task_server.go:365.10,366.29 1 0
github.com/DaDevFox/task-systems/task-core/internal/grpc/task_server.go:370.77,372.31 2 1
github.com/DaDevFox/task-systems/task-core/internal/grpc/task_server.go:372.31,377.3 1 1
github.com/DaDevFox/task-systems/task-core/internal/grpc/task_server.go:378.2,378.20 1 1
github.com/DaDevFox/task-systems/task-core/internal/grpc/task_server.go:381.82,383.41 2 1
github.com/DaDevFox/task-systems/task-core/internal/grpc/task_server.go:383.41,388.3 1 1
github.com/DaDevFox/task-systems/task-core/internal/grpc/task_server.go:389.2,389.15 1 1
github.com/DaDevFox/task-systems/task-core/internal/grpc/task_server.go:392.84,394.50 2 1
github.com/DaDevFox/task-systems/task-core/internal/grpc/task_server.go:394.50,399.31 2 1
github.com/DaDevFox/task-systems/task-core/internal/grpc/task_server.go:399.31,401.4 1 1
github.com/DaDevFox/task-systems/task-core/internal/grpc/task_server.go:403.3,403.30 1 1
github.com/DaDevFox/task-systems/task-core/internal/grpc/task_server.go:403.30,405.4 1 1
github.com/DaDevFox/task-systems/task-core/internal/grpc/task_server.go:407.3,407.57 1 1
github.com/DaDevFox/task-systems/task-core/internal/grpc/task_server.go:410.2,414.28 2 1
github.com/DaDevFox/task-systems/task-core/internal/grpc/task_server.go:414.28,416.3 1 0
github.com/DaDevFox/task-systems/task-core/internal/grpc/task_server.go:418.2,418.22 1 1
github.com/DaDevFox/task-systems/task-core/internal/grpc/task_server.go:421.76,423.40 2 1
github.com/DaDevFox/task-systems/task-core/internal/grpc/task_server.go:423.40,428.28 2 1
github.com/DaDevFox/task-systems/task-core/internal/grpc/task_server.go:428.28,430.4 1 1
github.com/DaDevFox/task-systems/task-core/internal/grpc/task_server.go:432.3,432.51 1 1
github.com/DaDevFox/task-systems/task-core/internal/grpc/task_server.go:435.2,437.3 1 1
github.com/DaDevFox/task-systems/task-core/internal/grpc/task_server.go:441.97,443.31 2 1
github.com/DaDevFox/task-systems/task-core/internal/grpc/task_server.go:443.31,445.3 1 1
github.com/DaDevFox/task-systems/task-core/internal/grpc/task_server.go:446.2,446.18 1 1
github.com/DaDevFox/task-systems/task-core/internal/grpc/task_server.go:450.81,455.20 2 1
github.com/DaDevFox/task-systems/task-core/internal/grpc/task_server.go:456.26,457.72 1 1
github.com/DaDevFox/task-systems/task-core/internal/grpc/task_server.go:458.30,459.33 1 1
github.com/DaDevFox/task-systems/task-core/internal/grpc/task_server.go:459.33,467.4 1 1
github.com/DaDevFox/task-systems/task-core/internal/grpc/task_server.go:468.26,469.29 1 0
github.com/DaDevFox/task-systems/task-core/internal/grpc/task_server.go:469.29,473.4 1 0
github.com/DaDevFox/task-systems/task-core/internal/grpc/task_server.go:476.2,476.19 1 1
github.com/DaDevFox/task-systems/task-core/internal/grpc/task_server.go:480.78,481.17 1 1
github.com/DaDevFox/task-systems/task-core/internal/grpc/task_server.go:482.26,483.34 1 1
github.com/DaDevFox/task-systems/task-core/internal/grpc/task_server.go:484.30,485.38 1 1
github.com/DaDevFox/task-systems/task-core/internal/grpc/task_server.go:486.26,487.34 1 0
github.com/DaDevFox/task-systems/task-core/internal/grpc/task_server.go:488.10,489.41 1 0
github.com/DaDevFox/task-systems/task-core/internal/grpc/task_server.go:495.102,497.41 2 1
github.com/DaDevFox/task-systems/task-core/internal/grpc/task_server.go:497.41,499.3 1 1
github.com/DaDevFox/task-systems/task-core/internal/grpc/task_server.go:500.2,500.13 1 1
github.com/DaDevFox/task-systems/task-core/internal/grpc/task_server.go:503.79,508.38 2 1
github.com/DaDevFox/task-systems/task-core/internal/grpc/task_server.go:509.30,510.32 1 1
github.com/DaDevFox/task-systems/task-core/internal/grpc/task_server.go:511.34,516.4 1 1
github.com/DaDevFox/task-systems/task-core/internal/grpc/task_server.go:517.30,519.26 2 0
github.com/DaDevFox/task-systems/task-core/internal/grpc/task_server.go:522.2,522.14 1 1
github.com/DaDevFox/task-systems/task-core/internal/grpc/task_server.go:525.74,526.19 1 1
github.com/DaDevFox/task-systems/task-core/internal/grpc/task_server.go:527.32,528.28 1 1
github.com/DaDevFox/task-systems/task-core/internal/grpc/task_server.go:529.36,530.32 1 1
github.com/DaDevFox/task-systems/task-core/internal/grpc/task_server.go:531.32,532.28 1 0
github.com/DaDevFox/task-systems/task-core/internal/grpc/task_server.go:533.10,534.35 1 0
github.com/DaDevFox/task-systems/task-core/internal/grpc/task_server.go:538.62,546.2 1 0
github.com/DaDevFox/task-systems/task-core/internal/grpc/task_server.go:548.64,556.2 1 0
github.com/DaDevFox/task-systems/task-core/internal/grpc/task_server.go:558.115,560.35 2 0
github.com/DaDevFox/task-systems/task-core/internal/grpc/task_server.go:560.35,566.3 1 0
github.com/DaDevFox/task-systems/task-core/internal/grpc/task_server.go:567.2,567.22 1 0
github.com/DaDevFox/task-systems/task-core/internal/grpc/task_server.go:570.120,572.45 2 0
github.com/DaDevFox/task-systems/task-core/internal/grpc/task_server.go:572.45,578.3 1 0
github.com/DaDevFox/task-systems/task-core/internal/grpc/task_server.go:579.2,579.17 1 0
github.com/DaDevFox/task-systems/task-core/internal/grpc/task_server.go:582.99,583.17 1 0
github.com/DaDevFox/task-systems/task-core/internal/grpc/task_server.go:584.35,585.52 1 0
github.com/DaDevFox/task-systems/task-core/internal/grpc/task_server.go:586.34,587.51 1 0
github.com/DaDevFox/task-systems/task-core/internal/grpc/task_server.go:588.41,589.60 1 0
github.com/DaDevFox/task-systems/task-core/internal/grpc/task_server.go:590.10,591.59 1 0
github.com/DaDevFox/task-systems/task-core/internal/grpc/task_server.go:595.101,596.19 1 0
github.com/DaDevFox/task-systems/task-core/internal/grpc/task_server.go:597.50,598.37 1 0
github.com/DaDevFox/task-systems/task-core/internal/grpc/task_server.go:599.49,600.36 1 0
github.com/DaDevFox/task-systems/task-core/internal/grpc/task_server.go:601.58,602.43 1 0
github.com/DaDevFox/task-systems/task-core/internal/grpc/task_server.go:603.10,604.44 1 0
github.com/DaDevFox/task-systems/task-core/internal/repository/memory_repository.go:18.58,22.2 1 1
github.com/DaDevFox/task-systems/task-core/internal/repository/memory_repository.go:25.87,30.43 3 1
github.com/DaDevFox/task-systems/task-core/internal/repository/memory_repository.go:30.43,32.3 1 1
github.com/DaDevFox/task-systems/task-core/internal/repository/memory_repository.go:35.2,37.12 3 1
github.com/DaDevFox/task-systems/task-core/internal/repository/memory_repository.go:41.96,46.13 4 1
github.com/DaDevFox/task-systems/task-core/internal/repository/memory_repository.go:46.13,48.3 1 1
github.com/DaDevFox/task-systems/task-core/internal/repository/memory_repository.go:51.2,52.23 2 1
github.com/DaDevFox/task-systems/task-core/internal/repository/memory_repository.go:56.87,60.44 3 1
github.com/DaDevFox/task-systems/task-core/internal/repository/memory_repository.go:60.44,62.3 1 1
github.com/DaDevFox/task-systems/task-core/internal/repository/memory_repository.go:65.2,67.12 3 1
github.com/DaDevFox/task-systems/task-core/internal/repository/memory_repository.go:71.79,75.39 3 1
github.com/DaDevFox/task-systems/task-core/internal/repository/memory_repository.go:75.39,77.3 1 1
github.com/DaDevFox/task-systems/task-core/internal/repository/memory_repository.go:79.2,80.12 2 1
github.com/DaDevFox/task-systems/task-core/internal/repository/memory_repository.go:84.115,89.31 4 1
github.com/DaDevFox/task-systems/task-core/internal/repository/memory_repository.go:89.31,90.26 1 1
github.com/DaDevFox/task-systems/task-core/internal/repository/memory_repository.go:90.26,93.4 2 1
github.com/DaDevFox/task-systems/task-core/internal/repository/memory_repository.go:96.2,96.19 1 1
github.com/DaDevFox/task-systems/task-core/internal/repository/memory_repository.go:100.87,105.31 4 1
github.com/DaDevFox/task-systems/task-core/internal/repository/memory_repository.go:105.31,108.3 2 1
github.com/DaDevFox/task-systems/task-core/internal/repository/memory_repository.go:110.2,110.19 1 1
github.com/DaDevFox/task-systems/task-core/internal/repository/memory_repository.go:114.105,119.31 4 1
github.com/DaDevFox/task-systems/task-core/internal/repository/memory_repository.go:119.31,120.26 1 1
github.com/DaDevFox/task-systems/task-core/internal/repository/memory_repository.go:120.26,122.4 1 1
github.com/DaDevFox/task-systems/task-core/internal/repository/memory_repository.go:125.2,125.19 1 1
github.com/DaDevFox/task-systems/task-core/internal/repository/memory_repository.go:129.107,136.25 5 1
github.com/DaDevFox/task-systems/task-core/internal/repository/memory_repository.go:136.25,137.42 1 1
github.com/DaDevFox/task-systems/task-core/internal/repository/memory_repository.go:137.42,140.4 2 1
github.com/DaDevFox/task-systems/task-core/internal/repository/memory_repository.go:140.9,142.4 1 1
github.com/DaDevFox/task-systems/task-core/internal/repository/memory_repository.go:145.2,145.23 1 1
github.com/DaDevFox/task-systems/task-core/internal/repository/memory_repository.go:145.23,147.3 1 1
github.com/DaDevFox/task-systems/task-core/internal/repository/memory_repository.go:149.2,149.19 1 1
github.com/DaDevFox/task-systems/task-core/internal/repository/memory_repository.go:153.137,158.31 4 0
github.com/DaDevFox/task-systems/task-core/internal/repository/memory_repository.go:158.31,159.51 1 0
github.com/DaDevFox/task-systems/task-core/internal/repository/memory_repository.go:159.51,162.4 2 0
github.com/DaDevFox/task-systems/task-core/internal/repository/memory_repository.go:165.2,165.19 1 0
github.com/DaDevFox/task-systems/task-core/internal/repository/memory_repository.go:169.105,174.31 4 0
github.com/DaDevFox/task-systems/task-core/internal/repository/memory_repository.go:174.31,175.28 1 0
github.com/DaDevFox/task-systems/task-core/internal/repository/memory_repository.go:175.28,178.4 2 0
github.com/DaDevFox/task-systems/task-core/internal/repository/memory_repository.go:181.2,181.19 1 0
github.com/DaDevFox/task-systems/task-core/internal/repository/memory_repository.go:191.58,195.2 1 1
github.com/DaDevFox/task-systems/task-core/internal/repository/memory_repository.go:198.87,203.43 3 1
github.com/DaDevFox/task-systems/task-core/internal/repository/memory_repository.go:203.43,205.3 1 1
github.com/DaDevFox/task-systems/task-core/internal/repository/memory_repository.go:208.2,210.12 3 1
github.com/DaDevFox/task-systems/task-core/internal/repository/memory_repository.go:214.96,219.13 4 1
github.com/DaDevFox/task-systems/task-core/internal/repository/memory_repository.go:219.13,221.3 1 1
github.com/DaDevFox/task-systems/task-core/internal/repository/memory_repository.go:224.2,225.23 2 1
github.com/DaDevFox/task-systems/task-core/internal/repository/memory_repository.go:229.102,233.31 3 1
github.com/DaDevFox/task-systems/task-core/internal/repository/memory_repository.go:233.31,234.26 1 1
github.com/DaDevFox/task-systems/task-core/internal/repository/memory_repository.go:234.26,237.4 2 1
github.com/DaDevFox/task-systems/task-core/internal/repository/memory_repository.go:240.2,240.29 1 1
github.com/DaDevFox/task-systems/task-core/internal/repository/memory_repository.go:244.87,248.44 3 1
github.com/DaDevFox/task-systems/task-core/internal/repository/memory_repository.go:248.44,250.3 1 0
github.com/DaDevFox/task-systems/task-core/internal/repository/memory_repository.go:253.2,255.12 3 1
github.com/DaDevFox/task-systems/task-core/internal/repository/memory_repository.go:259.79,263.39 3 1
github.com/DaDevFox/task-systems/task-core/internal/repository/memory_repository.go:263.39,265.3 1 0
github.com/DaDevFox/task-systems/task-core/internal/repository/memory_repository.go:267.2,268.12 2 1
github.com/DaDevFox/task-systems/task-core/internal/repository/memory_repository.go:272.87,277.31 4 1
github.com/DaDevFox/task-systems/task-core/internal/repository/memory_repository.go:277.31,280.3 2 1
github.com/DaDevFox/task-systems/task-core/internal/repository/memory_repository.go:282.2,282.19 1 1
github.com/DaDevFox/task-systems/task-core/internal/domain/task.go:21.34,22.11 1 0
github.com/DaDevFox/task-systems/task-core/internal/domain/task.go:23.19,24.16 1 0
github.com/DaDevFox/task-systems/task-core/internal/domain/task.go:25.23,26.20 1 0
github.com/DaDevFox/task-systems/task-core/internal/domain/task.go:27.19,28.16 1 0
github.com/DaDevFox/task-systems/task-core/internal/domain/task.go:29.10,30.23 1 0
github.com/DaDevFox/task-systems/task-core/internal/domain/task.go:50.36,51.17 1 1
github.com/DaDevFox/task-systems/task-core/internal/domain/task.go:52.19,53.22 1 1
github.com/DaDevFox/task-systems/task-core/internal/domain/task.go:54.23,55.30 1 1
github.com/DaDevFox/task-systems/task-core/internal/domain/task.go:55.30,57.4 1 1
github.com/DaDevFox/task-systems/task-core/internal/domain/task.go:58.3,58.12 1 1
github.com/DaDevFox/task-systems/task-core/internal/domain/task.go:59.19,60.26 1 1
github.com/DaDevFox/task-systems/task-core/internal/domain/task.go:60.26,62.4 1 1
github.com/DaDevFox/task-systems/task-core/internal/domain/task.go:63.3,63.12 1 1
github.com/DaDevFox/task-systems/task-core/internal/domain/task.go:64.10,65.12 1 1
github.com/DaDevFox/task-systems/task-core/internal/domain/task.go:79.43,80.11 1 0
github.com/DaDevFox/task-systems/task-core/internal/domain/task.go:81.28,82.21 1 0
github.com/DaDevFox/task-systems/task-core/internal/domain/task.go:83.27,84.20 1 0
github.com/DaDevFox/task-systems/task-core/internal/domain/task.go:85.34,86.29 1 0
github.com/DaDevFox/task-systems/task-core/internal/domain/task.go:87.10,88.23 1 0
github.com/DaDevFox/task-systems/task-core/internal/domain/task.go:109.23,111.2 1 1
github.com/DaDevFox/task-systems/task-core/internal/domain/task.go:124.36,125.11 1 1
github.com/DaDevFox/task-systems/task-core/internal/domain/task.go:126.20,127.19 1 1
github.com/DaDevFox/task-systems/task-core/internal/domain/task.go:128.18,129.17 1 1
github.com/DaDevFox/task-systems/task-core/internal/domain/task.go:130.20,131.19 1 1
github.com/DaDevFox/task-systems/task-core/internal/domain/task.go:132.19,133.18 1 1
github.com/DaDevFox/task-systems/task-core/internal/domain/task.go:134.21,135.20 1 1
github.com/DaDevFox/task-systems/task-core/internal/domain/task.go:136.10,137.19 1 1
github.com/DaDevFox/task-systems/task-core/internal/domain/task.go:154.37,155.11 1 1
github.com/DaDevFox/task-systems/task-core/internal/domain/task.go:156.18,157.16 1 1
github.com/DaDevFox/task-systems/task-core/internal/domain/task.go:158.24,159.23 1 1
github.com/DaDevFox/task-systems/task-core/internal/domain/task.go:160.20,161.18 1 1
github.com/DaDevFox/task-systems/task-core/internal/domain/task.go:162.21,163.19 1 1
github.com/DaDevFox/task-systems/task-core/internal/domain/task.go:164.23,165.21 1 1
github.com/DaDevFox/task-systems/task-core/internal/domain/task.go:166.23,167.21 1 1
github.com/DaDevFox/task-systems/task-core/internal/domain/task.go:168.10,169.23 1 1
github.com/DaDevFox/task-systems/task-core/internal/domain/task.go:224.54,243.2 2 1
github.com/DaDevFox/task-systems/task-core/internal/domain/task.go:246.37,248.33 2 1
github.com/DaDevFox/task-systems/task-core/internal/domain/task.go:248.33,250.3 1 1
github.com/DaDevFox/task-systems/task-core/internal/domain/task.go:251.2,251.14 1 1
github.com/DaDevFox/task-systems/task-core/internal/domain/task.go:255.41,257.52 2 1
github.com/DaDevFox/task-systems/task-core/internal/domain/task.go:257.52,258.50 1 1
github.com/DaDevFox/task-systems/task-core/internal/domain/task.go:258.50,260.4 1 1
github.com/DaDevFox/task-systems/task-core/internal/domain/task.go:262.2,262.14 1 1
github.com/DaDevFox/task-systems/task-core/internal/domain/task.go:266.34,268.2 1 1
github.com/DaDevFox/task-systems/task-core/internal/domain/task.go:271.41,272.54 1 1
github.com/DaDevFox/task-systems/task-core/internal/domain/task.go:272.54,274.3 1 1
github.com/DaDevFox/task-systems/task-core/internal/domain/task.go:275.2,275.12 1 1
github.com/DaDevFox/task-systems/task-core/internal/domain/task.go:279.33,280.29 1 1
github.com/DaDevFox/task-systems/task-core/internal/domain/task.go:280.29,282.3 1 1
github.com/DaDevFox/task-systems/task-core/internal/domain/task.go:283.2,283.34 1 1
github.com/DaDevFox/task-systems/task-core/internal/domain/task.go:283.34,285.3 1 1
github.com/DaDevFox/task-systems/task-core/internal/domain/task.go:286.2,286.33 1 1
github.com/DaDevFox/task-systems/task-core/internal/domain/task.go:286.33,288.3 1 1
github.com/DaDevFox/task-systems/task-core/internal/domain/task.go:289.2,289.12 1 1
github.com/DaDevFox/task-systems/task-core/internal/domain/task.go:293.32,294.34 1 1
github.com/DaDevFox/task-systems/task-core/internal/domain/task.go:294.34,296.3 1 1
github.com/DaDevFox/task-systems/task-core/internal/domain/task.go:297.2,297.12 1 1
github.com/DaDevFox/task-systems/task-core/internal/domain/task.go:301.47,307.2 2 1
github.com/DaDevFox/task-systems/task-core/internal/domain/task.go:310.38,312.2 1 1
github.com/DaDevFox/task-systems/task-core/internal/email/email_service.go:22.94,30.2 1 1
github.com/DaDevFox/task-systems/task-core/internal/email/email_service.go:33.98,34.66 1 1
github.com/DaDevFox/task-systems/task-core/internal/email/email_service.go:34.66,36.3 1 0
github.com/DaDevFox/task-systems/task-core/internal/email/email_service.go:38.2,54.48 3 1
github.com/DaDevFox/task-systems/task-core/internal/email/email_service.go:58.97,59.65 1 1
github.com/DaDevFox/task-systems/task-core/internal/email/email_service.go:59.65,61.3 1 0
github.com/DaDevFox/task-systems/task-core/internal/email/email_service.go:63.2,78.48 3 1
github.com/DaDevFox/task-systems/task-core/internal/email/email_service.go:82.119,84.76 2 1
github.com/DaDevFox/task-systems/task-core/internal/email/email_service.go:84.76,86.3 1 0
github.com/DaDevFox/task-systems/task-core/internal/email/email_service.go:88.2,105.48 4 1
github.com/DaDevFox/task-systems/task-core/internal/email/email_service.go:109.100,112.29 2 0
github.com/DaDevFox/task-systems/task-core/internal/email/email_service.go:112.29,114.41 2 0
github.com/DaDevFox/task-systems/task-core/internal/email/email_service.go:114.41,115.12 1 0
github.com/DaDevFox/task-systems/task-core/internal/email/email_service.go:118.3,118.30 1 0
github.com/DaDevFox/task-systems/task-core/internal/email/email_service.go:118.30,119.30 1 0
github.com/DaDevFox/task-systems/task-core/internal/email/email_service.go:119.30,120.13 1 0
github.com/DaDevFox/task-systems/task-core/internal/email/email_service.go:123.4,123.34 1 0
github.com/DaDevFox/task-systems/task-core/internal/email/email_service.go:123.34,124.13 1 0
github.com/DaDevFox/task-systems/task-core/internal/email/email_service.go:127.4,128.42 2 0
github.com/DaDevFox/task-systems/task-core/internal/email/email_service.go:128.42,129.94 1 0
github.com/DaDevFox/task-systems/task-core/internal/email/email_service.go:129.94,131.6 1 0
github.com/DaDevFox/task-systems/task-core/internal/email/email_service.go:136.2,136.12 1 0
github.com/DaDevFox/task-systems/task-core/internal/email/email_service.go:140.113,141.52 1 1
github.com/DaDevFox/task-systems/task-core/internal/email/email_service.go:141.52,142.39 1 1
github.com/DaDevFox/task-systems/task-core/internal/email/email_service.go:142.39,144.4 1 1
github.com/DaDevFox/task-systems/task-core/internal/email/email_service.go:146.2,146.14 1 0
github.com/DaDevFox/task-systems/task-core/internal/email/email_service.go:150.93,151.52 1 1
github.com/DaDevFox/task-systems/task-core/internal/email/email_service.go:151.52,152.56 1 1
github.com/DaDevFox/task-systems/task-core/internal/email/email_service.go:152.56,154.4 1 1
github.com/DaDevFox/task-systems/task-core/internal/email/email_service.go:156.2,156.12 1 0
github.com/DaDevFox/task-systems/task-core/internal/email/email_service.go:160.67,173.16 4 1
github.com/DaDevFox/task-systems/task-core/internal/email/email_service.go:173.16,175.3 1 1
github.com/DaDevFox/task-systems/task-core/internal/email/email_service.go:177.2,177.12 1 0
github.com/DaDevFox/task-systems/task-core/internal/email/email_service.go:181.55,182.23 1 1
github.com/DaDevFox/task-systems/task-core/internal/email/email_service.go:182.23,184.3 1 0
github.com/DaDevFox/task-systems/task-core/internal/email/email_service.go:185.2,185.23 1 1
github.com/DaDevFox/task-systems/task-core/internal/email/email_service.go:185.23,187.3 1 0
github.com/DaDevFox/task-systems/task-core/internal/email/email_service.go:188.2,188.23 1 1
github.com/DaDevFox/task-systems/task-core/internal/email/email_service.go:188.23,190.3 1 0
github.com/DaDevFox/task-systems/task-core/internal/email/email_service.go:191.2,191.23 1 1
github.com/DaDevFox/task-systems/task-core/internal/email/email_service.go:191.23,193.3 1 0
github.com/DaDevFox/task-systems/task-core/internal/email/email_service.go:194.2,194.24 1 1
github.com/DaDevFox/task-systems/task-core/internal/email/email_service.go:194.24,196.3 1 0
github.com/DaDevFox/task-systems/task-core/internal/email/email_service.go:197.2,197.42 1 1
github.com/DaDevFox/task-systems/task-core/internal/email/email_service.go:197.42,199.3 1 0
github.com/DaDevFox/task-systems/task-core/internal/email/email_service.go:200.2,200.12 1 1
